#Dimensionless Gibbs Energies of reactions (G/RT) at Reactor & Ref. Pressure (1bar)

1.373229e+01    1.373229e+01    CH3CH3 + 2 PT(S) <=> CH2CH3(S) + H(S) + 2 PT(B)
6.707433e+00    6.707433e+00    CH2CH2 + PT(S) <=> CH2CH2(S) + PT(B)
-6.269880e+00   -6.269880e+00   CHCH + PT(S) <=> CHCH(S) + PT(B)
5.973847e+00    5.973847e+00    CH4 + PT(S) <=> CH4(S) + PT(B)
1.031272e+00    1.031272e+00    H2 + 2 PT(S) <=> 2 H(S) + 2 PT(B)
-1.351553e+01   -1.351553e+01   CC(S) + PT(S) <=> 2 C(S) + PT(B)
-1.131561e+01   -1.131561e+01   CCH(S) + PT(S) <=> C(S) + CH(S) + PT(B)
7.131129e+00    7.131129e+00    CCH(S) + PT(S) <=> CC(S) + H(S) + PT(B)
8.753890e+00    8.753890e+00    CCH2(S) + PT(S) <=> C(S) + CH2(S) + PT(B)
1.026693e+01    1.026693e+01    CCH2(S) + PT(S) <=> CCH(S) + H(S) + PT(B)
1.108249e+01    1.108249e+01    CCH3(S) + PT(S) <=> C(S) + CH3(S) + PT(B)
4.406161e+00    4.406161e+00    CCH3(S) + PT(S) <=> CCH2(S) + H(S) + PT(B)
4.931210e+00    4.931210e+00    CH(S) + PT(S) <=> C(S) + H(S) + PT(B)
-9.802570e+00   -9.802570e+00   CH2(S) + PT(S) <=> CH(S) + H(S) + PT(B)
7.652617e+00    7.652617e+00    CH2CH2(S) + PT(S) <=> 2 CH2(S) + PT(B)
-1.812325e-02   -1.812325e-02   CH2CH2(S) + PT(S) <=> CHCH2(S) + H(S) + PT(B)
2.764783e+00    2.764783e+00    CH2CH3(S) + PT(S) <=> CH2(S) + CH3(S) + PT(B)
-2.810271e+00   -2.810271e+00   CH2CH3(S) + PT(S) <=> CH2CH2(S) + H(S) + PT(B)
-3.224283e-01   -3.224283e-01   CH2CH3(S) + PT(S) <=> CHCH3(S) + H(S) + PT(B)
6.883811e+00    6.883811e+00    CH4(S) + PT(S) <=> CH3(S) + H(S) + PT(B)
2.077563e+00    2.077563e+00    CH3(S) + PT(S) <=> CH2(S) + H(S) + PT(B)
6.980579e+00    6.980579e+00    CHCH(S) + PT(S) <=> CCH(S) + H(S) + PT(B)
-9.266245e+00   -9.266245e+00   CHCH(S) + PT(S) <=> 2 CH(S) + PT(B)
-5.954509e+00   -5.954509e+00   CHCH2(S) + PT(S) <=> CCH2(S) + H(S) + PT(B)
-2.131829e+00   -2.131829e+00   CHCH2(S) + PT(S) <=> CH(S) + CH2(S) + PT(B)
-2.668154e+00   -2.668154e+00   CHCH2(S) + PT(S) <=> CHCH(S) + H(S) + PT(B)
-1.286664e+01   -1.286664e+01   CHCH3(S) + PT(S) <=> CCH3(S) + H(S) + PT(B)
-6.715358e+00   -6.715358e+00   CHCH3(S) + PT(S) <=> CH(S) + CH3(S) + PT(B)
-2.505966e+00   -2.505966e+00   CHCH3(S) + PT(S) <=> CHCH2(S) + H(S) + PT(B)
