#Forward rate constants of reactions

1.255716e+14    CH3CH3 + 2 PT(S) <=> CH2CH3(S) + H(S) + 2 PT(B)
4.083010e+09    CH2CH2 + PT(S) <=> CH2CH2(S) + PT(B)
4.238128e+09    CHCH + PT(S) <=> CHCH(S) + PT(B)
5.399271e+09    CH4 + PT(S) <=> CH4(S) + PT(B)
6.129234e+17    H2 + 2 PT(S) <=> 2 H(S) + 2 PT(B)
1.055718e+17    CC(S) + PT(S) <=> 2 C(S) + PT(B)
7.342343e+16    CCH(S) + PT(S) <=> C(S) + CH(S) + PT(B)
1.082188e+12    CCH(S) + PT(S) <=> CC(S) + H(S) + PT(B)
1.271139e+10    CCH2(S) + PT(S) <=> C(S) + CH2(S) + PT(B)
5.096882e+08    CCH2(S) + PT(S) <=> CCH(S) + H(S) + PT(B)
8.271588e+08    CCH3(S) + PT(S) <=> C(S) + CH3(S) + PT(B)
1.232341e+13    CCH3(S) + PT(S) <=> CCH2(S) + H(S) + PT(B)
1.903857e+12    CH(S) + PT(S) <=> C(S) + H(S) + PT(B)
1.433611e+19    CH2(S) + PT(S) <=> CH(S) + H(S) + PT(B)
2.848833e+10    CH2CH2(S) + PT(S) <=> 2 CH2(S) + PT(B)
3.321378e+16    CH2CH2(S) + PT(S) <=> CHCH2(S) + H(S) + PT(B)
4.969877e+11    CH2CH3(S) + PT(S) <=> CH2(S) + CH3(S) + PT(B)
7.011446e+16    CH2CH3(S) + PT(S) <=> CH2CH2(S) + H(S) + PT(B)
2.731506e+15    CH2CH3(S) + PT(S) <=> CHCH3(S) + H(S) + PT(B)
3.904918e+15    CH4(S) + PT(S) <=> CH3(S) + H(S) + PT(B)
8.398653e+14    CH3(S) + PT(S) <=> CH2(S) + H(S) + PT(B)
1.434710e+10    CHCH(S) + PT(S) <=> CCH(S) + H(S) + PT(B)
1.753857e+14    CHCH(S) + PT(S) <=> 2 CH(S) + PT(B)
1.002345e+17    CHCH2(S) + PT(S) <=> CCH2(S) + H(S) + PT(B)
1.448190e+13    CHCH2(S) + PT(S) <=> CH(S) + CH2(S) + PT(B)
3.560884e+15    CHCH2(S) + PT(S) <=> CHCH(S) + H(S) + PT(B)
1.974565e+20    CHCH3(S) + PT(S) <=> CCH3(S) + H(S) + PT(B)
1.272335e+14    CHCH3(S) + PT(S) <=> CH(S) + CH3(S) + PT(B)
2.419261e+16    CHCH3(S) + PT(S) <=> CHCH2(S) + H(S) + PT(B)
