#Reverse rate constants of reactions

1.612929e+18    CH3CH3 + 2 PT(S) <=> CH2CH3(S) + H(S) + 2 PT(B)
4.664980e+10    CH2CH2 + PT(S) <=> CH2CH2(S) + PT(B)
1.119613e+05    CHCH + PT(S) <=> CHCH(S) + PT(B)
2.962184e+10    CH4 + PT(S) <=> CH4(S) + PT(B)
2.399663e+16    H2 + 2 PT(S) <=> 2 H(S) + 2 PT(B)
1.425041e+11    CC(S) + PT(S) <=> 2 C(S) + PT(B)
8.943890e+11    CCH(S) + PT(S) <=> C(S) + CH(S) + PT(B)
1.353045e+15    CCH(S) + PT(S) <=> CC(S) + H(S) + PT(B)
8.053028e+13    CCH2(S) + PT(S) <=> C(S) + CH2(S) + PT(B)
1.466145e+13    CCH2(S) + PT(S) <=> CCH(S) + H(S) + PT(B)
5.378392e+13    CCH3(S) + PT(S) <=> C(S) + CH3(S) + PT(B)
1.009956e+15    CCH3(S) + PT(S) <=> CCH2(S) + H(S) + PT(B)
2.637738e+14    CH(S) + PT(S) <=> C(S) + H(S) + PT(B)
7.929205e+14    CH2(S) + PT(S) <=> CH(S) + H(S) + PT(B)
6.000071e+13    CH2CH2(S) + PT(S) <=> 2 CH2(S) + PT(B)
3.261726e+16    CH2CH2(S) + PT(S) <=> CHCH2(S) + H(S) + PT(B)
7.889978e+12    CH2CH3(S) + PT(S) <=> CH2(S) + CH3(S) + PT(B)
4.220096e+15    CH2CH3(S) + PT(S) <=> CH2CH2(S) + H(S) + PT(B)
1.978670e+15    CH2CH3(S) + PT(S) <=> CHCH3(S) + H(S) + PT(B)
3.812528e+18    CH4(S) + PT(S) <=> CH3(S) + H(S) + PT(B)
6.706311e+15    CH3(S) + PT(S) <=> CH2(S) + H(S) + PT(B)
1.543089e+13    CHCH(S) + PT(S) <=> CCH(S) + H(S) + PT(B)
1.658499e+10    CHCH(S) + PT(S) <=> 2 CH(S) + PT(B)
2.600203e+14    CHCH2(S) + PT(S) <=> CCH2(S) + H(S) + PT(B)
1.717845e+12    CHCH2(S) + PT(S) <=> CH(S) + CH2(S) + PT(B)
2.470548e+14    CHCH2(S) + PT(S) <=> CHCH(S) + H(S) + PT(B)
5.099909e+14    CHCH3(S) + PT(S) <=> CCH3(S) + H(S) + PT(B)
1.542264e+11    CHCH3(S) + PT(S) <=> CH(S) + CH3(S) + PT(B)
1.974038e+15    CHCH3(S) + PT(S) <=> CHCH2(S) + H(S) + PT(B)
