#Dimensionless enthalpies of reactions (H/RT) at Reference Pressure 1bar

-1.135660e+00   CH3CH3 + 2 PT(S) <=> CH2CH3(S) + H(S) + 2 PT(B)
-1.225331e+01   CH2CH2 + PT(S) <=> CH2CH2(S) + PT(B)
-2.672804e+01   CHCH + PT(S) <=> CHCH(S) + PT(B)
1.799423e+00    CH4 + PT(S) <=> CH4(S) + PT(B)
-1.330955e+01   H2 + 2 PT(S) <=> 2 H(S) + 2 PT(B)
-1.487674e+01   CC(S) + PT(S) <=> 2 C(S) + PT(B)
-1.432567e+01   CCH(S) + PT(S) <=> C(S) + CH(S) + PT(B)
6.119085e+00    CCH(S) + PT(S) <=> CC(S) + H(S) + PT(B)
9.264169e+00    CCH2(S) + PT(S) <=> C(S) + CH2(S) + PT(B)
1.363236e+01    CCH2(S) + PT(S) <=> CCH(S) + H(S) + PT(B)
1.340487e+01    CCH3(S) + PT(S) <=> C(S) + CH3(S) + PT(B)
3.737219e+00    CCH3(S) + PT(S) <=> CCH2(S) + H(S) + PT(B)
5.568013e+00    CH(S) + PT(S) <=> C(S) + H(S) + PT(B)
-9.957477e+00   CH2(S) + PT(S) <=> CH(S) + H(S) + PT(B)
8.046514e+00    CH2CH2(S) + PT(S) <=> 2 CH2(S) + PT(B)
-5.138384e-01   CH2CH2(S) + PT(S) <=> CHCH2(S) + H(S) + PT(B)
3.705998e+00    CH2CH3(S) + PT(S) <=> CH2(S) + CH3(S) + PT(B)
-4.743999e+00   CH2CH3(S) + PT(S) <=> CH2CH2(S) + H(S) + PT(B)
-1.559204e+00   CH2CH3(S) + PT(S) <=> CHCH3(S) + H(S) + PT(B)
-1.910336e+00   CH4(S) + PT(S) <=> CH3(S) + H(S) + PT(B)
-4.034824e-01   CH3(S) + PT(S) <=> CH2(S) + H(S) + PT(B)
1.035939e+01    CHCH(S) + PT(S) <=> CCH(S) + H(S) + PT(B)
-9.534293e+00   CHCH(S) + PT(S) <=> 2 CH(S) + PT(B)
-5.093281e+00   CHCH2(S) + PT(S) <=> CCH2(S) + H(S) + PT(B)
-1.397125e+00   CHCH2(S) + PT(S) <=> CH(S) + CH2(S) + PT(B)
-1.820308e+00   CHCH2(S) + PT(S) <=> CHCH(S) + H(S) + PT(B)
-1.252913e+01   CHCH3(S) + PT(S) <=> CCH3(S) + H(S) + PT(B)
-4.692275e+00   CHCH3(S) + PT(S) <=> CH(S) + CH3(S) + PT(B)
-3.698633e+00   CHCH3(S) + PT(S) <=> CHCH2(S) + H(S) + PT(B)
