#Equilibrium constants of reactions

7.785313e-05    CH3CH3 + 2 PT(S) <=> CH2CH3(S) + H(S) + 2 PT(B)
8.752471e-02    CH2CH2 + PT(S) <=> CH2CH2(S) + PT(B)
3.785351e+04    CHCH + PT(S) <=> CHCH(S) + PT(B)
1.822733e-01    CH4 + PT(S) <=> CH4(S) + PT(B)
2.554207e+01    H2 + 2 PT(S) <=> 2 H(S) + 2 PT(B)
7.408333e+05    CC(S) + PT(S) <=> 2 C(S) + PT(B)
8.209339e+04    CCH(S) + PT(S) <=> C(S) + CH(S) + PT(B)
7.998163e-04    CCH(S) + PT(S) <=> CC(S) + H(S) + PT(B)
1.578461e-04    CCH2(S) + PT(S) <=> C(S) + CH2(S) + PT(B)
3.476382e-05    CCH2(S) + PT(S) <=> CCH(S) + H(S) + PT(B)
1.537930e-05    CCH3(S) + PT(S) <=> C(S) + CH3(S) + PT(B)
1.220193e-02    CCH3(S) + PT(S) <=> CCH2(S) + H(S) + PT(B)
7.217762e-03    CH(S) + PT(S) <=> C(S) + H(S) + PT(B)
1.808014e+04    CH2(S) + PT(S) <=> CH(S) + H(S) + PT(B)
4.747999e-04    CH2CH2(S) + PT(S) <=> 2 CH2(S) + PT(B)
1.018288e+00    CH2CH2(S) + PT(S) <=> CHCH2(S) + H(S) + PT(B)
6.298975e-02    CH2CH3(S) + PT(S) <=> CH2(S) + CH3(S) + PT(B)
1.661442e+01    CH2CH3(S) + PT(S) <=> CH2CH2(S) + H(S) + PT(B)
1.380476e+00    CH2CH3(S) + PT(S) <=> CHCH3(S) + H(S) + PT(B)
1.024233e-03    CH4(S) + PT(S) <=> CH3(S) + H(S) + PT(B)
1.252351e-01    CH3(S) + PT(S) <=> CH2(S) + H(S) + PT(B)
9.297651e-04    CHCH(S) + PT(S) <=> CCH(S) + H(S) + PT(B)
1.057496e+04    CHCH(S) + PT(S) <=> 2 CH(S) + PT(B)
3.854874e+02    CHCH2(S) + PT(S) <=> CCH2(S) + H(S) + PT(B)
8.430272e+00    CHCH2(S) + PT(S) <=> CH(S) + CH2(S) + PT(B)
1.441334e+01    CHCH2(S) + PT(S) <=> CHCH(S) + H(S) + PT(B)
3.871765e+05    CHCH3(S) + PT(S) <=> CCH3(S) + H(S) + PT(B)
8.249790e+02    CHCH3(S) + PT(S) <=> CH(S) + CH3(S) + PT(B)
1.225539e+01    CHCH3(S) + PT(S) <=> CHCH2(S) + H(S) + PT(B)
