#Dimensionless entropies of reactions (S/R) at Reactor & Ref. Pressure (1bar)

-1.486795e+01   -1.486795e+01   CH3CH3 + 2 PT(S) <=> CH2CH3(S) + H(S) + 2 PT(B)
-1.896074e+01   -1.896074e+01   CH2CH2 + PT(S) <=> CH2CH2(S) + PT(B)
-2.045816e+01   -2.045816e+01   CHCH + PT(S) <=> CHCH(S) + PT(B)
-4.174424e+00   -4.174424e+00   CH4 + PT(S) <=> CH4(S) + PT(B)
-1.434083e+01   -1.434083e+01   H2 + 2 PT(S) <=> 2 H(S) + 2 PT(B)
-1.361214e+00   -1.361214e+00   CC(S) + PT(S) <=> 2 C(S) + PT(B)
-3.010060e+00   -3.010060e+00   CCH(S) + PT(S) <=> C(S) + CH(S) + PT(B)
-1.012043e+00   -1.012043e+00   CCH(S) + PT(S) <=> CC(S) + H(S) + PT(B)
5.102789e-01    5.102789e-01    CCH2(S) + PT(S) <=> C(S) + CH2(S) + PT(B)
3.365431e+00    3.365431e+00    CCH2(S) + PT(S) <=> CCH(S) + H(S) + PT(B)
2.322382e+00    2.322382e+00    CCH3(S) + PT(S) <=> C(S) + CH3(S) + PT(B)
-6.689422e-01   -6.689422e-01   CCH3(S) + PT(S) <=> CCH2(S) + H(S) + PT(B)
6.368026e-01    6.368026e-01    CH(S) + PT(S) <=> C(S) + H(S) + PT(B)
-1.549075e-01   -1.549075e-01   CH2(S) + PT(S) <=> CH(S) + H(S) + PT(B)
3.938967e-01    3.938967e-01    CH2CH2(S) + PT(S) <=> 2 CH2(S) + PT(B)
-4.957151e-01   -4.957151e-01   CH2CH2(S) + PT(S) <=> CHCH2(S) + H(S) + PT(B)
9.412142e-01    9.412142e-01    CH2CH3(S) + PT(S) <=> CH2(S) + CH3(S) + PT(B)
-1.933728e+00   -1.933728e+00   CH2CH3(S) + PT(S) <=> CH2CH2(S) + H(S) + PT(B)
-1.236776e+00   -1.236776e+00   CH2CH3(S) + PT(S) <=> CHCH3(S) + H(S) + PT(B)
-8.794147e+00   -8.794147e+00   CH4(S) + PT(S) <=> CH3(S) + H(S) + PT(B)
-2.481045e+00   -2.481045e+00   CH3(S) + PT(S) <=> CH2(S) + H(S) + PT(B)
3.378814e+00    3.378814e+00    CHCH(S) + PT(S) <=> CCH(S) + H(S) + PT(B)
-2.680487e-01   -2.680487e-01   CHCH(S) + PT(S) <=> 2 CH(S) + PT(B)
8.612280e-01    8.612280e-01    CHCH2(S) + PT(S) <=> CCH2(S) + H(S) + PT(B)
7.347043e-01    7.347043e-01    CHCH2(S) + PT(S) <=> CH(S) + CH2(S) + PT(B)
8.478455e-01    8.478455e-01    CHCH2(S) + PT(S) <=> CHCH(S) + H(S) + PT(B)
3.375035e-01    3.375035e-01    CHCH3(S) + PT(S) <=> CCH3(S) + H(S) + PT(B)
2.023083e+00    2.023083e+00    CHCH3(S) + PT(S) <=> CH(S) + CH3(S) + PT(B)
-1.192667e+00   -1.192667e+00   CHCH3(S) + PT(S) <=> CHCH2(S) + H(S) + PT(B)
