CH3CH3 + 2 PT(S) <=> CH2CH3(S) + H(S) + 2 PT(B)
CH2CH2 + PT(S) <=> CH2CH2(S) + PT(B)
CHCH + PT(S) <=> CHCH(S) + PT(B)
CH4 + PT(S) <=> CH4(S) + PT(B)
H2 + 2 PT(S) <=> 2 H(S) + 2 PT(B)
CC(S) + PT(S) <=> 2 C(S) + PT(B)
CCH(S) + PT(S) <=> C(S) + CH(S) + PT(B)
CCH(S) + PT(S) <=> CC(S) + H(S) + PT(B)
CCH2(S) + PT(S) <=> C(S) + CH2(S) + PT(B)
CCH2(S) + PT(S) <=> CCH(S) + H(S) + PT(B)
CCH3(S) + PT(S) <=> C(S) + CH3(S) + PT(B)
CCH3(S) + PT(S) <=> CCH2(S) + H(S) + PT(B)
CH(S) + PT(S) <=> C(S) + H(S) + PT(B)
CH2(S) + PT(S) <=> CH(S) + H(S) + PT(B)
CH2CH2(S) + PT(S) <=> 2 CH2(S) + PT(B)
CH2CH2(S) + PT(S) <=> CHCH2(S) + H(S) + PT(B)
CH2CH3(S) + PT(S) <=> CH2(S) + CH3(S) + PT(B)
CH2CH3(S) + PT(S) <=> CH2CH2(S) + H(S) + PT(B)
CH2CH3(S) + PT(S) <=> CHCH3(S) + H(S) + PT(B)
CH4(S) + PT(S) <=> CH3(S) + H(S) + PT(B)
CH3(S) + PT(S) <=> CH2(S) + H(S) + PT(B)
CHCH(S) + PT(S) <=> CCH(S) + H(S) + PT(B)
CHCH(S) + PT(S) <=> 2 CH(S) + PT(B)
CHCH2(S) + PT(S) <=> CCH2(S) + H(S) + PT(B)
CHCH2(S) + PT(S) <=> CH(S) + CH2(S) + PT(B)
CHCH2(S) + PT(S) <=> CHCH(S) + H(S) + PT(B)
CHCH3(S) + PT(S) <=> CCH3(S) + H(S) + PT(B)
CHCH3(S) + PT(S) <=> CH(S) + CH3(S) + PT(B)
CHCH3(S) + PT(S) <=> CHCH2(S) + H(S) + PT(B)
